<?xml version="1.0" encoding="UTF-8"?>
<coverage generated="1638435937541" clover="3.2.0">
  <project timestamp="1638435937542" name="All files">
    <metrics statements="108" coveredstatements="78" conditionals="47" coveredconditionals="26" methods="34" coveredmethods="22" elements="189" coveredelements="126" complexity="0" loc="108" ncloc="108" packages="10" files="17" classes="17"/>
    <package name="src">
      <metrics statements="11" coveredstatements="1" conditionals="4" coveredconditionals="0" methods="3" coveredmethods="1"/>
      <file name="App.js" path="C:\Users\John\Documents\projects\diagnal\diagnal-react-workshop\src\App.js">
        <metrics statements="1" coveredstatements="1" conditionals="0" coveredconditionals="0" methods="1" coveredmethods="1"/>
        <line num="9" count="2" type="stmt"/>
      </file>
      <file name="index.js" path="C:\Users\John\Documents\projects\diagnal\diagnal-react-workshop\src\index.js">
        <metrics statements="2" coveredstatements="0" conditionals="0" coveredconditionals="0" methods="0" coveredmethods="0"/>
        <line num="10" count="0" type="stmt"/>
        <line num="12" count="0" type="stmt"/>
      </file>
      <file name="reportWebVitals.js" path="C:\Users\John\Documents\projects\diagnal\diagnal-react-workshop\src\reportWebVitals.js">
        <metrics statements="8" coveredstatements="0" conditionals="4" coveredconditionals="0" methods="2" coveredmethods="0"/>
        <line num="1" count="0" type="stmt"/>
        <line num="2" count="0" type="cond" truecount="0" falsecount="4"/>
        <line num="3" count="0" type="stmt"/>
        <line num="4" count="0" type="stmt"/>
        <line num="5" count="0" type="stmt"/>
        <line num="6" count="0" type="stmt"/>
        <line num="7" count="0" type="stmt"/>
        <line num="8" count="0" type="stmt"/>
      </file>
    </package>
    <package name="src.components.GridItem">
      <metrics statements="5" coveredstatements="4" conditionals="0" coveredconditionals="0" methods="2" coveredmethods="1"/>
      <file name="index.jsx" path="C:\Users\John\Documents\projects\diagnal\diagnal-react-workshop\src\components\GridItem\index.jsx">
        <metrics statements="5" coveredstatements="4" conditionals="0" coveredconditionals="0" methods="2" coveredmethods="1"/>
        <line num="11" count="41" type="stmt"/>
        <line num="18" count="0" type="stmt"/>
        <line num="21" count="41" type="stmt"/>
        <line num="40" count="3" type="stmt"/>
        <line num="44" count="3" type="stmt"/>
      </file>
    </package>
    <package name="src.components.Header">
      <metrics statements="11" coveredstatements="7" conditionals="12" coveredconditionals="8" methods="5" coveredmethods="2"/>
      <file name="index.jsx" path="C:\Users\John\Documents\projects\diagnal\diagnal-react-workshop\src\components\Header\index.jsx">
        <metrics statements="11" coveredstatements="7" conditionals="12" coveredconditionals="8" methods="5" coveredmethods="2"/>
        <line num="14" count="5" type="stmt"/>
        <line num="15" count="5" type="stmt"/>
        <line num="16" count="8" type="stmt"/>
        <line num="17" count="5" type="stmt"/>
        <line num="20" count="0" type="stmt"/>
        <line num="24" count="0" type="stmt"/>
        <line num="28" count="0" type="stmt"/>
        <line num="29" count="0" type="stmt"/>
        <line num="32" count="5" type="stmt"/>
        <line num="75" count="2" type="stmt"/>
        <line num="81" count="2" type="stmt"/>
      </file>
    </package>
    <package name="src.components.ImgIcon">
      <metrics statements="3" coveredstatements="3" conditionals="0" coveredconditionals="0" methods="1" coveredmethods="1"/>
      <file name="index.jsx" path="C:\Users\John\Documents\projects\diagnal\diagnal-react-workshop\src\components\ImgIcon\index.jsx">
        <metrics statements="3" coveredstatements="3" conditionals="0" coveredconditionals="0" methods="1" coveredmethods="1"/>
        <line num="12" count="11" type="stmt"/>
        <line num="21" count="3" type="stmt"/>
        <line num="26" count="3" type="stmt"/>
      </file>
    </package>
    <package name="src.components.SearchInput">
      <metrics statements="8" coveredstatements="8" conditionals="0" coveredconditionals="0" methods="2" coveredmethods="2"/>
      <file name="index.jsx" path="C:\Users\John\Documents\projects\diagnal\diagnal-react-workshop\src\components\SearchInput\index.jsx">
        <metrics statements="8" coveredstatements="8" conditionals="0" coveredconditionals="0" methods="2" coveredmethods="2"/>
        <line num="12" count="8" type="stmt"/>
        <line num="13" count="8" type="stmt"/>
        <line num="16" count="1" type="stmt"/>
        <line num="17" count="1" type="stmt"/>
        <line num="18" count="1" type="stmt"/>
        <line num="21" count="8" type="stmt"/>
        <line num="32" count="3" type="stmt"/>
        <line num="37" count="3" type="stmt"/>
      </file>
    </package>
    <package name="src.pages.ImageList">
      <metrics statements="37" coveredstatements="24" conditionals="22" coveredconditionals="10" methods="12" coveredmethods="7"/>
      <file name="index.jsx" path="C:\Users\John\Documents\projects\diagnal\diagnal-react-workshop\src\pages\ImageList\index.jsx">
        <metrics statements="37" coveredstatements="24" conditionals="22" coveredconditionals="10" methods="12" coveredmethods="7"/>
        <line num="14" count="12" type="stmt"/>
        <line num="15" count="12" type="stmt"/>
        <line num="16" count="12" type="stmt"/>
        <line num="17" count="12" type="stmt"/>
        <line num="18" count="12" type="stmt"/>
        <line num="19" count="12" type="stmt"/>
        <line num="20" count="16" type="stmt"/>
        <line num="22" count="12" type="stmt"/>
        <line num="28" count="3" type="stmt"/>
        <line num="29" count="3" type="cond" truecount="1" falsecount="1"/>
        <line num="30" count="3" type="stmt"/>
        <line num="31" count="0" type="stmt"/>
        <line num="33" count="0" type="cond" truecount="0" falsecount="2"/>
        <line num="34" count="0" type="stmt"/>
        <line num="39" count="12" type="stmt"/>
        <line num="40" count="5" type="cond" truecount="2" falsecount="0"/>
        <line num="41" count="3" type="cond" truecount="1" falsecount="1"/>
        <line num="42" count="3" type="stmt"/>
        <line num="44" count="3" type="stmt"/>
        <line num="46" count="3" type="cond" truecount="1" falsecount="1"/>
        <line num="47" count="3" type="stmt"/>
        <line num="48" count="3" type="stmt"/>
        <line num="52" count="12" type="stmt"/>
        <line num="53" count="3" type="cond" truecount="1" falsecount="1"/>
        <line num="54" count="0" type="stmt"/>
        <line num="55" count="0" type="stmt"/>
        <line num="57" count="0" type="stmt"/>
        <line num="58" count="3" type="stmt"/>
        <line num="67" count="0" type="stmt"/>
        <line num="68" count="0" type="stmt"/>
        <line num="69" count="0" type="cond" truecount="0" falsecount="4"/>
        <line num="70" count="0" type="stmt"/>
        <line num="71" count="0" type="cond" truecount="0" falsecount="2"/>
        <line num="80" count="0" type="stmt"/>
        <line num="81" count="0" type="stmt"/>
        <line num="84" count="12" type="stmt"/>
        <line num="92" count="40" type="stmt"/>
      </file>
    </package>
    <package name="src.store">
      <metrics statements="1" coveredstatements="1" conditionals="0" coveredconditionals="0" methods="1" coveredmethods="1"/>
      <file name="index.js" path="C:\Users\John\Documents\projects\diagnal\diagnal-react-workshop\src\store\index.js">
        <metrics statements="1" coveredstatements="1" conditionals="0" coveredconditionals="0" methods="1" coveredmethods="1"/>
        <line num="7" count="6" type="stmt"/>
      </file>
    </package>
    <package name="src.store.actions">
      <metrics statements="9" coveredstatements="8" conditionals="0" coveredconditionals="0" methods="3" coveredmethods="2"/>
      <file name="actionTypes.js" path="C:\Users\John\Documents\projects\diagnal\diagnal-react-workshop\src\store\actions\actionTypes.js">
        <metrics statements="3" coveredstatements="3" conditionals="0" coveredconditionals="0" methods="0" coveredmethods="0"/>
        <line num="1" count="6" type="stmt"/>
        <line num="5" count="6" type="stmt"/>
        <line num="9" count="6" type="stmt"/>
      </file>
      <file name="index.js" path="C:\Users\John\Documents\projects\diagnal\diagnal-react-workshop\src\store\actions\index.js">
        <metrics statements="6" coveredstatements="5" conditionals="0" coveredconditionals="0" methods="3" coveredmethods="2"/>
        <line num="3" count="3" type="stmt"/>
        <line num="4" count="3" type="stmt"/>
        <line num="7" count="3" type="stmt"/>
        <line num="8" count="2" type="stmt"/>
        <line num="11" count="3" type="stmt"/>
        <line num="12" count="0" type="stmt"/>
      </file>
    </package>
    <package name="src.store.reducers">
      <metrics statements="16" coveredstatements="15" conditionals="9" coveredconditionals="8" methods="3" coveredmethods="3"/>
      <file name="gridFilterReducer.js" path="C:\Users\John\Documents\projects\diagnal\diagnal-react-workshop\src\store\reducers\gridFilterReducer.js">
        <metrics statements="5" coveredstatements="4" conditionals="3" coveredconditionals="2" methods="1" coveredmethods="1"/>
        <line num="3" count="6" type="stmt"/>
        <line num="7" count="6" type="cond" truecount="1" falsecount="0"/>
        <line num="8" count="23" type="cond" truecount="1" falsecount="1"/>
        <line num="10" count="0" type="stmt"/>
        <line num="12" count="23" type="stmt"/>
      </file>
      <file name="headerReducer.js" path="C:\Users\John\Documents\projects\diagnal\diagnal-react-workshop\src\store\reducers\headerReducer.js">
        <metrics statements="5" coveredstatements="5" conditionals="3" coveredconditionals="3" methods="1" coveredmethods="1"/>
        <line num="3" count="6" type="stmt"/>
        <line num="10" count="6" type="cond" truecount="1" falsecount="0"/>
        <line num="11" count="23" type="cond" truecount="2" falsecount="0"/>
        <line num="13" count="3" type="stmt"/>
        <line num="15" count="20" type="stmt"/>
      </file>
      <file name="imagesDataReducer.js" path="C:\Users\John\Documents\projects\diagnal\diagnal-react-workshop\src\store\reducers\imagesDataReducer.js">
        <metrics statements="5" coveredstatements="5" conditionals="3" coveredconditionals="3" methods="1" coveredmethods="1"/>
        <line num="3" count="6" type="stmt"/>
        <line num="5" count="6" type="cond" truecount="1" falsecount="0"/>
        <line num="6" count="23" type="cond" truecount="2" falsecount="0"/>
        <line num="8" count="2" type="stmt"/>
        <line num="10" count="21" type="stmt"/>
      </file>
      <file name="index.js" path="C:\Users\John\Documents\projects\diagnal\diagnal-react-workshop\src\store\reducers\index.js">
        <metrics statements="1" coveredstatements="1" conditionals="0" coveredconditionals="0" methods="0" coveredmethods="0"/>
        <line num="12" count="6" type="stmt"/>
      </file>
    </package>
    <package name="src.utils">
      <metrics statements="7" coveredstatements="7" conditionals="0" coveredconditionals="0" methods="2" coveredmethods="2"/>
      <file name="config.js" path="C:\Users\John\Documents\projects\diagnal\diagnal-react-workshop\src\utils\config.js">
        <metrics statements="1" coveredstatements="1" conditionals="0" coveredconditionals="0" methods="0" coveredmethods="0"/>
        <line num="1" count="5" type="stmt"/>
      </file>
      <file name="test-utils.jsx" path="C:\Users\John\Documents\projects\diagnal\diagnal-react-workshop\src\utils\test-utils.jsx">
        <metrics statements="6" coveredstatements="6" conditionals="0" coveredconditionals="0" methods="2" coveredmethods="2"/>
        <line num="9" count="6" type="stmt"/>
        <line num="11" count="6" type="stmt"/>
        <line num="12" count="8" type="stmt"/>
        <line num="15" count="6" type="stmt"/>
        <line num="16" count="8" type="stmt"/>
        <line num="18" count="6" type="stmt"/>
      </file>
    </package>
  </project>
</coverage>
