{"C:\\Users\\John\\Documents\\projects\\diagnal\\diagnal-react-workshop\\src\\App.js": {"path":"C:\\Users\\John\\Documents\\projects\\diagnal\\diagnal-react-workshop\\src\\App.js","statementMap":{"0":{"start":{"line":9,"column":2},"end":{"line":14,"column":4}}},"fnMap":{"0":{"name":"App","decl":{"start":{"line":8,"column":9},"end":{"line":8,"column":12}},"loc":{"start":{"line":8,"column":15},"end":{"line":15,"column":1}},"line":8}},"branchMap":{},"s":{"0":2},"f":{"0":2},"b":{},"_coverageSchema":"1a1c01bbd47fc00a2c39e90264f33305004495a9","hash":"9ceef8a612c448beea40c7ca347e36afe347cfc2"}
,"C:\\Users\\John\\Documents\\projects\\diagnal\\diagnal-react-workshop\\src\\index.js": {"path":"C:\\Users\\John\\Documents\\projects\\diagnal\\diagnal-react-workshop\\src\\index.js","statementMap":{"0":{"start":{"line":10,"column":14},"end":{"line":10,"column":30}},"1":{"start":{"line":12,"column":0},"end":{"line":19,"column":2}}},"fnMap":{},"branchMap":{},"s":{"0":0,"1":0},"f":{},"b":{}}
,"C:\\Users\\John\\Documents\\projects\\diagnal\\diagnal-react-workshop\\src\\reportWebVitals.js": {"path":"C:\\Users\\John\\Documents\\projects\\diagnal\\diagnal-react-workshop\\src\\reportWebVitals.js","statementMap":{"0":{"start":{"line":1,"column":24},"end":{"line":11,"column":1}},"1":{"start":{"line":2,"column":2},"end":{"line":10,"column":3}},"2":{"start":{"line":3,"column":4},"end":{"line":9,"column":7}},"3":{"start":{"line":4,"column":6},"end":{"line":4,"column":26}},"4":{"start":{"line":5,"column":6},"end":{"line":5,"column":26}},"5":{"start":{"line":6,"column":6},"end":{"line":6,"column":26}},"6":{"start":{"line":7,"column":6},"end":{"line":7,"column":26}},"7":{"start":{"line":8,"column":6},"end":{"line":8,"column":27}}},"fnMap":{"0":{"name":"(anonymous_0)","decl":{"start":{"line":1,"column":24},"end":{"line":1,"column":25}},"loc":{"start":{"line":1,"column":39},"end":{"line":11,"column":1}},"line":1},"1":{"name":"(anonymous_1)","decl":{"start":{"line":3,"column":30},"end":{"line":3,"column":31}},"loc":{"start":{"line":3,"column":79},"end":{"line":9,"column":5}},"line":3}},"branchMap":{"0":{"loc":{"start":{"line":2,"column":2},"end":{"line":10,"column":3}},"type":"if","locations":[{"start":{"line":2,"column":2},"end":{"line":10,"column":3}},{"start":{},"end":{}}],"line":2},"1":{"loc":{"start":{"line":2,"column":6},"end":{"line":2,"column":52}},"type":"binary-expr","locations":[{"start":{"line":2,"column":6},"end":{"line":2,"column":17}},{"start":{"line":2,"column":21},"end":{"line":2,"column":52}}],"line":2}},"s":{"0":0,"1":0,"2":0,"3":0,"4":0,"5":0,"6":0,"7":0},"f":{"0":0,"1":0},"b":{"0":[0,0],"1":[0,0]}}
,"C:\\Users\\John\\Documents\\projects\\diagnal\\diagnal-react-workshop\\src\\components\\GridItem\\index.jsx": {"path":"C:\\Users\\John\\Documents\\projects\\diagnal\\diagnal-react-workshop\\src\\components\\GridItem\\index.jsx","statementMap":{"0":{"start":{"line":11,"column":30},"end":{"line":11,"column":79}},"1":{"start":{"line":18,"column":4},"end":{"line":18,"column":34}},"2":{"start":{"line":21,"column":2},"end":{"line":37,"column":4}},"3":{"start":{"line":40,"column":0},"end":{"line":42,"column":2}},"4":{"start":{"line":44,"column":0},"end":{"line":49,"column":2}}},"fnMap":{"0":{"name":"GridItem","decl":{"start":{"line":10,"column":9},"end":{"line":10,"column":17}},"loc":{"start":{"line":10,"column":28},"end":{"line":38,"column":1}},"line":10},"1":{"name":"onImgLoadError","decl":{"start":{"line":17,"column":11},"end":{"line":17,"column":25}},"loc":{"start":{"line":17,"column":28},"end":{"line":19,"column":3}},"line":17}},"branchMap":{},"s":{"0":41,"1":0,"2":41,"3":3,"4":3},"f":{"0":41,"1":0},"b":{},"_coverageSchema":"1a1c01bbd47fc00a2c39e90264f33305004495a9","hash":"407fb7192aa6845f68c53a3c70edca444b1ea0c2"}
,"C:\\Users\\John\\Documents\\projects\\diagnal\\diagnal-react-workshop\\src\\components\\Header\\index.jsx": {"path":"C:\\Users\\John\\Documents\\projects\\diagnal\\diagnal-react-workshop\\src\\components\\Header\\index.jsx","statementMap":{"0":{"start":{"line":14,"column":19},"end":{"line":14,"column":32}},"1":{"start":{"line":15,"column":36},"end":{"line":15,"column":48}},"2":{"start":{"line":16,"column":21},"end":{"line":16,"column":57}},"3":{"start":{"line":16,"column":44},"end":{"line":16,"column":56}},"4":{"start":{"line":17,"column":48},"end":{"line":17,"column":63}},"5":{"start":{"line":20,"column":4},"end":{"line":20,"column":29}},"6":{"start":{"line":24,"column":4},"end":{"line":24,"column":30}},"7":{"start":{"line":28,"column":4},"end":{"line":28,"column":22}},"8":{"start":{"line":29,"column":4},"end":{"line":29,"column":30}},"9":{"start":{"line":32,"column":2},"end":{"line":72,"column":4}},"10":{"start":{"line":75,"column":0},"end":{"line":79,"column":2}},"11":{"start":{"line":81,"column":0},"end":{"line":85,"column":2}}},"fnMap":{"0":{"name":"Header","decl":{"start":{"line":13,"column":9},"end":{"line":13,"column":15}},"loc":{"start":{"line":13,"column":18},"end":{"line":73,"column":1}},"line":13},"1":{"name":"(anonymous_1)","decl":{"start":{"line":16,"column":33},"end":{"line":16,"column":34}},"loc":{"start":{"line":16,"column":44},"end":{"line":16,"column":56}},"line":16},"2":{"name":"onClickHandler","decl":{"start":{"line":19,"column":11},"end":{"line":19,"column":25}},"loc":{"start":{"line":19,"column":28},"end":{"line":21,"column":3}},"line":19},"3":{"name":"onOutOfFocus","decl":{"start":{"line":23,"column":11},"end":{"line":23,"column":23}},"loc":{"start":{"line":23,"column":26},"end":{"line":25,"column":3}},"line":23},"4":{"name":"filterImageList","decl":{"start":{"line":27,"column":11},"end":{"line":27,"column":26}},"loc":{"start":{"line":27,"column":32},"end":{"line":30,"column":3}},"line":27}},"branchMap":{"0":{"loc":{"start":{"line":35,"column":8},"end":{"line":35,"column":60}},"type":"cond-expr","locations":[{"start":{"line":35,"column":28},"end":{"line":35,"column":47}},{"start":{"line":35,"column":50},"end":{"line":35,"column":60}}],"line":35},"1":{"loc":{"start":{"line":39,"column":9},"end":{"line":41,"column":16}},"type":"cond-expr","locations":[{"start":{"line":40,"column":10},"end":{"line":40,"column":52}},{"start":{"line":41,"column":12},"end":{"line":41,"column":16}}],"line":39},"2":{"loc":{"start":{"line":52,"column":12},"end":{"line":52,"column":72}},"type":"cond-expr","locations":[{"start":{"line":52,"column":59},"end":{"line":52,"column":61}},{"start":{"line":52,"column":64},"end":{"line":52,"column":72}}],"line":52},"3":{"loc":{"start":{"line":52,"column":12},"end":{"line":52,"column":56}},"type":"binary-expr","locations":[{"start":{"line":52,"column":12},"end":{"line":52,"column":36}},{"start":{"line":52,"column":40},"end":{"line":52,"column":56}}],"line":52},"4":{"loc":{"start":{"line":62,"column":12},"end":{"line":62,"column":72}},"type":"cond-expr","locations":[{"start":{"line":62,"column":59},"end":{"line":62,"column":67}},{"start":{"line":62,"column":70},"end":{"line":62,"column":72}}],"line":62},"5":{"loc":{"start":{"line":62,"column":12},"end":{"line":62,"column":56}},"type":"binary-expr","locations":[{"start":{"line":62,"column":12},"end":{"line":62,"column":36}},{"start":{"line":62,"column":40},"end":{"line":62,"column":56}}],"line":62}},"s":{"0":5,"1":5,"2":5,"3":8,"4":5,"5":0,"6":0,"7":0,"8":0,"9":5,"10":2,"11":2},"f":{"0":5,"1":8,"2":0,"3":0,"4":0},"b":{"0":[0,5],"1":[5,0],"2":[5,0],"3":[5,5],"4":[5,0],"5":[5,5]},"_coverageSchema":"1a1c01bbd47fc00a2c39e90264f33305004495a9","hash":"564aea9e9c7f646e3b02ba3a632fc697cfae67d0"}
,"C:\\Users\\John\\Documents\\projects\\diagnal\\diagnal-react-workshop\\src\\components\\ImgIcon\\index.jsx": {"path":"C:\\Users\\John\\Documents\\projects\\diagnal\\diagnal-react-workshop\\src\\components\\ImgIcon\\index.jsx","statementMap":{"0":{"start":{"line":12,"column":2},"end":{"line":18,"column":4}},"1":{"start":{"line":21,"column":0},"end":{"line":24,"column":2}},"2":{"start":{"line":26,"column":0},"end":{"line":29,"column":2}}},"fnMap":{"0":{"name":"ImgIcon","decl":{"start":{"line":11,"column":9},"end":{"line":11,"column":16}},"loc":{"start":{"line":11,"column":31},"end":{"line":19,"column":1}},"line":11}},"branchMap":{},"s":{"0":11,"1":3,"2":3},"f":{"0":11},"b":{},"_coverageSchema":"1a1c01bbd47fc00a2c39e90264f33305004495a9","hash":"cf7be2ab9fff9effb98b6cd980915c1b1063f674"}
,"C:\\Users\\John\\Documents\\projects\\diagnal\\diagnal-react-workshop\\src\\components\\SearchInput\\index.jsx": {"path":"C:\\Users\\John\\Documents\\projects\\diagnal\\diagnal-react-workshop\\src\\components\\SearchInput\\index.jsx","statementMap":{"0":{"start":{"line":12,"column":36},"end":{"line":12,"column":48}},"1":{"start":{"line":13,"column":24},"end":{"line":13,"column":72}},"2":{"start":{"line":16,"column":22},"end":{"line":16,"column":34}},"3":{"start":{"line":17,"column":4},"end":{"line":17,"column":24}},"4":{"start":{"line":18,"column":4},"end":{"line":18,"column":25}},"5":{"start":{"line":21,"column":2},"end":{"line":29,"column":4}},"6":{"start":{"line":32,"column":0},"end":{"line":35,"column":2}},"7":{"start":{"line":37,"column":0},"end":{"line":40,"column":2}}},"fnMap":{"0":{"name":"SearchInput","decl":{"start":{"line":11,"column":9},"end":{"line":11,"column":20}},"loc":{"start":{"line":11,"column":53},"end":{"line":30,"column":1}},"line":11},"1":{"name":"handleInputChange","decl":{"start":{"line":15,"column":11},"end":{"line":15,"column":28}},"loc":{"start":{"line":15,"column":36},"end":{"line":19,"column":3}},"line":15}},"branchMap":{},"s":{"0":8,"1":8,"2":1,"3":1,"4":1,"5":8,"6":3,"7":3},"f":{"0":8,"1":1},"b":{},"_coverageSchema":"1a1c01bbd47fc00a2c39e90264f33305004495a9","hash":"d6b5162e66850ad366b5a1ebdfd3efe170699fa9"}
,"C:\\Users\\John\\Documents\\projects\\diagnal\\diagnal-react-workshop\\src\\pages\\ImageList\\index.jsx": {"path":"C:\\Users\\John\\Documents\\projects\\diagnal\\diagnal-react-workshop\\src\\pages\\ImageList\\index.jsx","statementMap":{"0":{"start":{"line":14,"column":20},"end":{"line":14,"column":28}},"1":{"start":{"line":15,"column":19},"end":{"line":15,"column":32}},"2":{"start":{"line":16,"column":32},"end":{"line":16,"column":43}},"3":{"start":{"line":17,"column":38},"end":{"line":17,"column":50}},"4":{"start":{"line":18,"column":32},"end":{"line":18,"column":44}},"5":{"start":{"line":19,"column":32},"end":{"line":19,"column":46}},"6":{"start":{"line":20,"column":41},"end":{"line":20,"column":70}},"7":{"start":{"line":20,"column":64},"end":{"line":20,"column":69}},"8":{"start":{"line":22,"column":2},"end":{"line":37,"column":16}},"9":{"start":{"line":28,"column":4},"end":{"line":36,"column":9}},"10":{"start":{"line":29,"column":6},"end":{"line":35,"column":7}},"11":{"start":{"line":30,"column":25},"end":{"line":30,"column":74}},"12":{"start":{"line":31,"column":21},"end":{"line":31,"column":42}},"13":{"start":{"line":33,"column":8},"end":{"line":33,"column":67}},"14":{"start":{"line":34,"column":8},"end":{"line":34,"column":41}},"15":{"start":{"line":39,"column":2},"end":{"line":50,"column":19}},"16":{"start":{"line":40,"column":4},"end":{"line":49,"column":5}},"17":{"start":{"line":41,"column":22},"end":{"line":41,"column":70}},"18":{"start":{"line":42,"column":26},"end":{"line":42,"column":50}},"19":{"start":{"line":44,"column":8},"end":{"line":45,"column":26}},"20":{"start":{"line":46,"column":6},"end":{"line":46,"column":39}},"21":{"start":{"line":46,"column":21},"end":{"line":46,"column":39}},"22":{"start":{"line":47,"column":6},"end":{"line":47,"column":33}},"23":{"start":{"line":48,"column":6},"end":{"line":48,"column":30}},"24":{"start":{"line":52,"column":2},"end":{"line":59,"column":15}},"25":{"start":{"line":53,"column":4},"end":{"line":58,"column":39}},"26":{"start":{"line":54,"column":26},"end":{"line":56,"column":7}},"27":{"start":{"line":55,"column":8},"end":{"line":55,"column":67}},"28":{"start":{"line":57,"column":6},"end":{"line":57,"column":30}},"29":{"start":{"line":58,"column":11},"end":{"line":58,"column":39}},"30":{"start":{"line":67,"column":40},"end":{"line":67,"column":57}},"31":{"start":{"line":68,"column":19},"end":{"line":68,"column":64}},"32":{"start":{"line":69,"column":4},"end":{"line":70,"column":47}},"33":{"start":{"line":70,"column":6},"end":{"line":70,"column":47}},"34":{"start":{"line":71,"column":4},"end":{"line":71,"column":53}},"35":{"start":{"line":71,"column":16},"end":{"line":71,"column":53}},"36":{"start":{"line":71,"column":40},"end":{"line":71,"column":51}},"37":{"start":{"line":80,"column":4},"end":{"line":80,"column":45}},"38":{"start":{"line":81,"column":4},"end":{"line":81,"column":41}},"39":{"start":{"line":81,"column":28},"end":{"line":81,"column":39}},"40":{"start":{"line":84,"column":2},"end":{"line":111,"column":4}},"41":{"start":{"line":92,"column":10},"end":{"line":97,"column":12}}},"fnMap":{"0":{"name":"ImageList","decl":{"start":{"line":13,"column":9},"end":{"line":13,"column":18}},"loc":{"start":{"line":13,"column":21},"end":{"line":112,"column":1}},"line":13},"1":{"name":"(anonymous_1)","decl":{"start":{"line":20,"column":53},"end":{"line":20,"column":54}},"loc":{"start":{"line":20,"column":64},"end":{"line":20,"column":69}},"line":20},"2":{"name":"(anonymous_2)","decl":{"start":{"line":22,"column":12},"end":{"line":22,"column":13}},"loc":{"start":{"line":22,"column":18},"end":{"line":37,"column":3}},"line":22},"3":{"name":"(anonymous_3)","decl":{"start":{"line":28,"column":5},"end":{"line":28,"column":6}},"loc":{"start":{"line":28,"column":17},"end":{"line":36,"column":5}},"line":28},"4":{"name":"(anonymous_4)","decl":{"start":{"line":39,"column":12},"end":{"line":39,"column":13}},"loc":{"start":{"line":39,"column":18},"end":{"line":50,"column":3}},"line":39},"5":{"name":"(anonymous_5)","decl":{"start":{"line":52,"column":12},"end":{"line":52,"column":13}},"loc":{"start":{"line":52,"column":18},"end":{"line":59,"column":3}},"line":52},"6":{"name":"(anonymous_6)","decl":{"start":{"line":54,"column":44},"end":{"line":54,"column":45}},"loc":{"start":{"line":55,"column":8},"end":{"line":55,"column":67}},"line":55},"7":{"name":"handleScroll","decl":{"start":{"line":66,"column":11},"end":{"line":66,"column":23}},"loc":{"start":{"line":66,"column":26},"end":{"line":72,"column":3}},"line":66},"8":{"name":"(anonymous_8)","decl":{"start":{"line":71,"column":27},"end":{"line":71,"column":28}},"loc":{"start":{"line":71,"column":40},"end":{"line":71,"column":51}},"line":71},"9":{"name":"loadMore","decl":{"start":{"line":79,"column":11},"end":{"line":79,"column":19}},"loc":{"start":{"line":79,"column":22},"end":{"line":82,"column":3}},"line":79},"10":{"name":"(anonymous_10)","decl":{"start":{"line":81,"column":15},"end":{"line":81,"column":16}},"loc":{"start":{"line":81,"column":28},"end":{"line":81,"column":39}},"line":81},"11":{"name":"(anonymous_11)","decl":{"start":{"line":91,"column":21},"end":{"line":91,"column":22}},"loc":{"start":{"line":91,"column":40},"end":{"line":98,"column":9}},"line":91}},"branchMap":{"0":{"loc":{"start":{"line":29,"column":6},"end":{"line":35,"column":7}},"type":"if","locations":[{"start":{"line":29,"column":6},"end":{"line":35,"column":7}},{"start":{},"end":{}}],"line":29},"1":{"loc":{"start":{"line":33,"column":39},"end":{"line":33,"column":62}},"type":"binary-expr","locations":[{"start":{"line":33,"column":39},"end":{"line":33,"column":56}},{"start":{"line":33,"column":60},"end":{"line":33,"column":62}}],"line":33},"2":{"loc":{"start":{"line":40,"column":4},"end":{"line":49,"column":5}},"type":"if","locations":[{"start":{"line":40,"column":4},"end":{"line":49,"column":5}},{"start":{},"end":{}}],"line":40},"3":{"loc":{"start":{"line":41,"column":22},"end":{"line":41,"column":70}},"type":"binary-expr","locations":[{"start":{"line":41,"column":22},"end":{"line":41,"column":64}},{"start":{"line":41,"column":68},"end":{"line":41,"column":70}}],"line":41},"4":{"loc":{"start":{"line":46,"column":6},"end":{"line":46,"column":39}},"type":"if","locations":[{"start":{"line":46,"column":6},"end":{"line":46,"column":39}},{"start":{},"end":{}}],"line":46},"5":{"loc":{"start":{"line":53,"column":4},"end":{"line":58,"column":39}},"type":"if","locations":[{"start":{"line":53,"column":4},"end":{"line":58,"column":39}},{"start":{"line":58,"column":11},"end":{"line":58,"column":39}}],"line":53},"6":{"loc":{"start":{"line":69,"column":4},"end":{"line":70,"column":47}},"type":"if","locations":[{"start":{"line":69,"column":4},"end":{"line":70,"column":47}},{"start":{},"end":{}}],"line":69},"7":{"loc":{"start":{"line":69,"column":8},"end":{"line":69,"column":39}},"type":"binary-expr","locations":[{"start":{"line":69,"column":8},"end":{"line":69,"column":21}},{"start":{"line":69,"column":25},"end":{"line":69,"column":39}}],"line":69},"8":{"loc":{"start":{"line":71,"column":4},"end":{"line":71,"column":53}},"type":"if","locations":[{"start":{"line":71,"column":4},"end":{"line":71,"column":53}},{"start":{},"end":{}}],"line":71},"9":{"loc":{"start":{"line":100,"column":7},"end":{"line":109,"column":14}},"type":"cond-expr","locations":[{"start":{"line":101,"column":8},"end":{"line":108,"column":14}},{"start":{"line":109,"column":10},"end":{"line":109,"column":14}}],"line":100},"10":{"loc":{"start":{"line":100,"column":7},"end":{"line":100,"column":32}},"type":"binary-expr","locations":[{"start":{"line":100,"column":7},"end":{"line":100,"column":21}},{"start":{"line":100,"column":25},"end":{"line":100,"column":32}}],"line":100}},"s":{"0":12,"1":12,"2":12,"3":12,"4":12,"5":12,"6":12,"7":16,"8":12,"9":3,"10":3,"11":3,"12":0,"13":0,"14":0,"15":12,"16":5,"17":3,"18":3,"19":3,"20":3,"21":0,"22":3,"23":3,"24":12,"25":3,"26":0,"27":0,"28":0,"29":3,"30":0,"31":0,"32":0,"33":0,"34":0,"35":0,"36":0,"37":0,"38":0,"39":0,"40":12,"41":40},"f":{"0":12,"1":16,"2":3,"3":3,"4":5,"5":3,"6":0,"7":0,"8":0,"9":0,"10":0,"11":40},"b":{"0":[3,0],"1":[0,0],"2":[3,2],"3":[3,0],"4":[0,3],"5":[0,3],"6":[0,0],"7":[0,0],"8":[0,0],"9":[2,10],"10":[12,2]},"_coverageSchema":"1a1c01bbd47fc00a2c39e90264f33305004495a9","hash":"f85781d7401b4369eaf3257ce1b35965e373e6e9"}
,"C:\\Users\\John\\Documents\\projects\\diagnal\\diagnal-react-workshop\\src\\store\\index.js": {"path":"C:\\Users\\John\\Documents\\projects\\diagnal\\diagnal-react-workshop\\src\\store\\index.js","statementMap":{"0":{"start":{"line":7,"column":2},"end":{"line":7,"column":34}}},"fnMap":{"0":{"name":"configureStore","decl":{"start":{"line":6,"column":24},"end":{"line":6,"column":38}},"loc":{"start":{"line":6,"column":41},"end":{"line":8,"column":1}},"line":6}},"branchMap":{},"s":{"0":6},"f":{"0":6},"b":{},"_coverageSchema":"1a1c01bbd47fc00a2c39e90264f33305004495a9","hash":"bb367d7568b70949499e430c64d94c179b580eb3"}
,"C:\\Users\\John\\Documents\\projects\\diagnal\\diagnal-react-workshop\\src\\store\\actions\\actionTypes.js": {"path":"C:\\Users\\John\\Documents\\projects\\diagnal\\diagnal-react-workshop\\src\\store\\actions\\actionTypes.js","statementMap":{"0":{"start":{"line":1,"column":22},"end":{"line":3,"column":1}},"1":{"start":{"line":5,"column":26},"end":{"line":7,"column":1}},"2":{"start":{"line":9,"column":26},"end":{"line":11,"column":1}}},"fnMap":{},"branchMap":{},"s":{"0":6,"1":6,"2":6},"f":{},"b":{},"_coverageSchema":"1a1c01bbd47fc00a2c39e90264f33305004495a9","hash":"97ee2abb309266b364ec122a1c350be9bcac8a1c"}
,"C:\\Users\\John\\Documents\\projects\\diagnal\\diagnal-react-workshop\\src\\store\\actions\\index.js": {"path":"C:\\Users\\John\\Documents\\projects\\diagnal\\diagnal-react-workshop\\src\\store\\actions\\index.js","statementMap":{"0":{"start":{"line":3,"column":28},"end":{"line":5,"column":1}},"1":{"start":{"line":4,"column":2},"end":{"line":4,"column":42}},"2":{"start":{"line":7,"column":32},"end":{"line":9,"column":1}},"3":{"start":{"line":8,"column":2},"end":{"line":8,"column":46}},"4":{"start":{"line":11,"column":26},"end":{"line":13,"column":1}},"5":{"start":{"line":12,"column":2},"end":{"line":12,"column":46}}},"fnMap":{"0":{"name":"(anonymous_0)","decl":{"start":{"line":3,"column":28},"end":{"line":3,"column":29}},"loc":{"start":{"line":3,"column":41},"end":{"line":5,"column":1}},"line":3},"1":{"name":"(anonymous_1)","decl":{"start":{"line":7,"column":32},"end":{"line":7,"column":33}},"loc":{"start":{"line":7,"column":45},"end":{"line":9,"column":1}},"line":7},"2":{"name":"(anonymous_2)","decl":{"start":{"line":11,"column":26},"end":{"line":11,"column":27}},"loc":{"start":{"line":11,"column":39},"end":{"line":13,"column":1}},"line":11}},"branchMap":{},"s":{"0":3,"1":3,"2":3,"3":2,"4":3,"5":0},"f":{"0":3,"1":2,"2":0},"b":{},"_coverageSchema":"1a1c01bbd47fc00a2c39e90264f33305004495a9","hash":"67a78789c141f7a21b7e64223c3aa53345678fc6"}
,"C:\\Users\\John\\Documents\\projects\\diagnal\\diagnal-react-workshop\\src\\store\\reducers\\gridFilterReducer.js": {"path":"C:\\Users\\John\\Documents\\projects\\diagnal\\diagnal-react-workshop\\src\\store\\reducers\\gridFilterReducer.js","statementMap":{"0":{"start":{"line":3,"column":21},"end":{"line":5,"column":1}},"1":{"start":{"line":7,"column":26},"end":{"line":14,"column":1}},"2":{"start":{"line":8,"column":2},"end":{"line":13,"column":3}},"3":{"start":{"line":10,"column":6},"end":{"line":10,"column":46}},"4":{"start":{"line":12,"column":6},"end":{"line":12,"column":19}}},"fnMap":{"0":{"name":"(anonymous_0)","decl":{"start":{"line":7,"column":26},"end":{"line":7,"column":27}},"loc":{"start":{"line":7,"column":71},"end":{"line":14,"column":1}},"line":7}},"branchMap":{"0":{"loc":{"start":{"line":7,"column":27},"end":{"line":7,"column":47}},"type":"default-arg","locations":[{"start":{"line":7,"column":35},"end":{"line":7,"column":47}}],"line":7},"1":{"loc":{"start":{"line":8,"column":2},"end":{"line":13,"column":3}},"type":"switch","locations":[{"start":{"line":9,"column":4},"end":{"line":10,"column":46}},{"start":{"line":11,"column":4},"end":{"line":12,"column":19}}],"line":8}},"s":{"0":6,"1":6,"2":23,"3":0,"4":23},"f":{"0":23},"b":{"0":[18],"1":[0,23]},"_coverageSchema":"1a1c01bbd47fc00a2c39e90264f33305004495a9","hash":"b9b79ecbb2cc8f12644c3212cd5222563d9dcaef"}
,"C:\\Users\\John\\Documents\\projects\\diagnal\\diagnal-react-workshop\\src\\store\\reducers\\headerReducer.js": {"path":"C:\\Users\\John\\Documents\\projects\\diagnal\\diagnal-react-workshop\\src\\store\\reducers\\headerReducer.js","statementMap":{"0":{"start":{"line":3,"column":21},"end":{"line":8,"column":1}},"1":{"start":{"line":10,"column":22},"end":{"line":17,"column":1}},"2":{"start":{"line":11,"column":2},"end":{"line":16,"column":3}},"3":{"start":{"line":13,"column":6},"end":{"line":13,"column":38}},"4":{"start":{"line":15,"column":6},"end":{"line":15,"column":19}}},"fnMap":{"0":{"name":"(anonymous_0)","decl":{"start":{"line":10,"column":22},"end":{"line":10,"column":23}},"loc":{"start":{"line":10,"column":67},"end":{"line":17,"column":1}},"line":10}},"branchMap":{"0":{"loc":{"start":{"line":10,"column":23},"end":{"line":10,"column":43}},"type":"default-arg","locations":[{"start":{"line":10,"column":31},"end":{"line":10,"column":43}}],"line":10},"1":{"loc":{"start":{"line":11,"column":2},"end":{"line":16,"column":3}},"type":"switch","locations":[{"start":{"line":12,"column":4},"end":{"line":13,"column":38}},{"start":{"line":14,"column":4},"end":{"line":15,"column":19}}],"line":11}},"s":{"0":6,"1":6,"2":23,"3":3,"4":20},"f":{"0":23},"b":{"0":[18],"1":[3,20]},"_coverageSchema":"1a1c01bbd47fc00a2c39e90264f33305004495a9","hash":"5c993866f3a0799e3b4de7093ec3677c9697257c"}
,"C:\\Users\\John\\Documents\\projects\\diagnal\\diagnal-react-workshop\\src\\store\\reducers\\imagesDataReducer.js": {"path":"C:\\Users\\John\\Documents\\projects\\diagnal\\diagnal-react-workshop\\src\\store\\reducers\\imagesDataReducer.js","statementMap":{"0":{"start":{"line":3,"column":21},"end":{"line":3,"column":25}},"1":{"start":{"line":5,"column":26},"end":{"line":12,"column":1}},"2":{"start":{"line":6,"column":2},"end":{"line":11,"column":3}},"3":{"start":{"line":8,"column":6},"end":{"line":8,"column":38}},"4":{"start":{"line":10,"column":6},"end":{"line":10,"column":19}}},"fnMap":{"0":{"name":"(anonymous_0)","decl":{"start":{"line":5,"column":26},"end":{"line":5,"column":27}},"loc":{"start":{"line":5,"column":71},"end":{"line":12,"column":1}},"line":5}},"branchMap":{"0":{"loc":{"start":{"line":5,"column":27},"end":{"line":5,"column":47}},"type":"default-arg","locations":[{"start":{"line":5,"column":35},"end":{"line":5,"column":47}}],"line":5},"1":{"loc":{"start":{"line":6,"column":2},"end":{"line":11,"column":3}},"type":"switch","locations":[{"start":{"line":7,"column":4},"end":{"line":8,"column":38}},{"start":{"line":9,"column":4},"end":{"line":10,"column":19}}],"line":6}},"s":{"0":6,"1":6,"2":23,"3":2,"4":21},"f":{"0":23},"b":{"0":[18],"1":[2,21]},"_coverageSchema":"1a1c01bbd47fc00a2c39e90264f33305004495a9","hash":"651e9b1ef2d8ac85daa5efb5d1106a7ebdff35cc"}
,"C:\\Users\\John\\Documents\\projects\\diagnal\\diagnal-react-workshop\\src\\store\\reducers\\index.js": {"path":"C:\\Users\\John\\Documents\\projects\\diagnal\\diagnal-react-workshop\\src\\store\\reducers\\index.js","statementMap":{"0":{"start":{"line":12,"column":20},"end":{"line":16,"column":2}}},"fnMap":{},"branchMap":{},"s":{"0":6},"f":{},"b":{},"_coverageSchema":"1a1c01bbd47fc00a2c39e90264f33305004495a9","hash":"38a58aedee9067f4ce9f28f002563e8b99239f00"}
,"C:\\Users\\John\\Documents\\projects\\diagnal\\diagnal-react-workshop\\src\\utils\\config.js": {"path":"C:\\Users\\John\\Documents\\projects\\diagnal\\diagnal-react-workshop\\src\\utils\\config.js","statementMap":{"0":{"start":{"line":1,"column":19},"end":{"line":6,"column":1}}},"fnMap":{},"branchMap":{},"s":{"0":5},"f":{},"b":{},"_coverageSchema":"1a1c01bbd47fc00a2c39e90264f33305004495a9","hash":"6b3f6bae58c8d4b19e129b88f20e904be59651e3"}
,"C:\\Users\\John\\Documents\\projects\\diagnal\\diagnal-react-workshop\\src\\utils\\test-utils.jsx": {"path":"C:\\Users\\John\\Documents\\projects\\diagnal\\diagnal-react-workshop\\src\\utils\\test-utils.jsx","statementMap":{"0":{"start":{"line":9,"column":14},"end":{"line":9,"column":30}},"1":{"start":{"line":11,"column":21},"end":{"line":13,"column":1}},"2":{"start":{"line":12,"column":2},"end":{"line":12,"column":65}},"3":{"start":{"line":15,"column":21},"end":{"line":16,"column":51}},"4":{"start":{"line":16,"column":2},"end":{"line":16,"column":51}},"5":{"start":{"line":18,"column":17},"end":{"line":110,"column":1}}},"fnMap":{"0":{"name":"(anonymous_0)","decl":{"start":{"line":11,"column":21},"end":{"line":11,"column":22}},"loc":{"start":{"line":11,"column":39},"end":{"line":13,"column":1}},"line":11},"1":{"name":"(anonymous_1)","decl":{"start":{"line":15,"column":21},"end":{"line":15,"column":22}},"loc":{"start":{"line":16,"column":2},"end":{"line":16,"column":51}},"line":16}},"branchMap":{},"s":{"0":6,"1":6,"2":8,"3":6,"4":8,"5":6},"f":{"0":8,"1":8},"b":{},"_coverageSchema":"1a1c01bbd47fc00a2c39e90264f33305004495a9","hash":"c0db9f7a685273f4adb5d5162ce94f3c135a5ca8"}
}
