TN:
SF:src\App.js
FN:8,App
FNF:1
FNH:1
FNDA:2,App
DA:9,2
LF:1
LH:1
BRF:0
BRH:0
end_of_record
TN:
SF:src\index.js
FNF:0
FNH:0
DA:10,0
DA:12,0
LF:2
LH:0
BRF:0
BRH:0
end_of_record
TN:
SF:src\reportWebVitals.js
FN:1,(anonymous_0)
FN:3,(anonymous_1)
FNF:2
FNH:0
FNDA:0,(anonymous_0)
FNDA:0,(anonymous_1)
DA:1,0
DA:2,0
DA:3,0
DA:4,0
DA:5,0
DA:6,0
DA:7,0
DA:8,0
LF:8
LH:0
BRDA:2,0,0,0
BRDA:2,0,1,0
BRDA:2,1,0,0
BRDA:2,1,1,0
BRF:4
BRH:0
end_of_record
TN:
SF:src\components\GridItem\index.jsx
FN:10,GridItem
FN:17,onImgLoadError
FNF:2
FNH:1
FNDA:41,GridItem
FNDA:0,onImgLoadError
DA:11,41
DA:18,0
DA:21,41
DA:40,3
DA:44,3
LF:5
LH:4
BRF:0
BRH:0
end_of_record
TN:
SF:src\components\Header\index.jsx
FN:13,Header
FN:16,(anonymous_1)
FN:19,onClickHandler
FN:23,onOutOfFocus
FN:27,filterImageList
FNF:5
FNH:2
FNDA:5,Header
FNDA:8,(anonymous_1)
FNDA:0,onClickHandler
FNDA:0,onOutOfFocus
FNDA:0,filterImageList
DA:14,5
DA:15,5
DA:16,8
DA:17,5
DA:20,0
DA:24,0
DA:28,0
DA:29,0
DA:32,5
DA:75,2
DA:81,2
LF:11
LH:7
BRDA:35,0,0,0
BRDA:35,0,1,5
BRDA:39,1,0,5
BRDA:39,1,1,0
BRDA:52,2,0,5
BRDA:52,2,1,0
BRDA:52,3,0,5
BRDA:52,3,1,5
BRDA:62,4,0,5
BRDA:62,4,1,0
BRDA:62,5,0,5
BRDA:62,5,1,5
BRF:12
BRH:8
end_of_record
TN:
SF:src\components\ImgIcon\index.jsx
FN:11,ImgIcon
FNF:1
FNH:1
FNDA:11,ImgIcon
DA:12,11
DA:21,3
DA:26,3
LF:3
LH:3
BRF:0
BRH:0
end_of_record
TN:
SF:src\components\SearchInput\index.jsx
FN:11,SearchInput
FN:15,handleInputChange
FNF:2
FNH:2
FNDA:8,SearchInput
FNDA:1,handleInputChange
DA:12,8
DA:13,8
DA:16,1
DA:17,1
DA:18,1
DA:21,8
DA:32,3
DA:37,3
LF:8
LH:8
BRF:0
BRH:0
end_of_record
TN:
SF:src\pages\ImageList\index.jsx
FN:13,ImageList
FN:20,(anonymous_1)
FN:22,(anonymous_2)
FN:28,(anonymous_3)
FN:39,(anonymous_4)
FN:52,(anonymous_5)
FN:54,(anonymous_6)
FN:66,handleScroll
FN:71,(anonymous_8)
FN:79,loadMore
FN:81,(anonymous_10)
FN:91,(anonymous_11)
FNF:12
FNH:7
FNDA:12,ImageList
FNDA:16,(anonymous_1)
FNDA:3,(anonymous_2)
FNDA:3,(anonymous_3)
FNDA:5,(anonymous_4)
FNDA:3,(anonymous_5)
FNDA:0,(anonymous_6)
FNDA:0,handleScroll
FNDA:0,(anonymous_8)
FNDA:0,loadMore
FNDA:0,(anonymous_10)
FNDA:40,(anonymous_11)
DA:14,12
DA:15,12
DA:16,12
DA:17,12
DA:18,12
DA:19,12
DA:20,16
DA:22,12
DA:28,3
DA:29,3
DA:30,3
DA:31,0
DA:33,0
DA:34,0
DA:39,12
DA:40,5
DA:41,3
DA:42,3
DA:44,3
DA:46,3
DA:47,3
DA:48,3
DA:52,12
DA:53,3
DA:54,0
DA:55,0
DA:57,0
DA:58,3
DA:67,0
DA:68,0
DA:69,0
DA:70,0
DA:71,0
DA:80,0
DA:81,0
DA:84,12
DA:92,40
LF:37
LH:24
BRDA:29,0,0,3
BRDA:29,0,1,0
BRDA:33,1,0,0
BRDA:33,1,1,0
BRDA:40,2,0,3
BRDA:40,2,1,2
BRDA:41,3,0,3
BRDA:41,3,1,0
BRDA:46,4,0,0
BRDA:46,4,1,3
BRDA:53,5,0,0
BRDA:53,5,1,3
BRDA:69,6,0,0
BRDA:69,6,1,0
BRDA:69,7,0,0
BRDA:69,7,1,0
BRDA:71,8,0,0
BRDA:71,8,1,0
BRDA:100,9,0,2
BRDA:100,9,1,10
BRDA:100,10,0,12
BRDA:100,10,1,2
BRF:22
BRH:10
end_of_record
TN:
SF:src\store\index.js
FN:6,configureStore
FNF:1
FNH:1
FNDA:6,configureStore
DA:7,6
LF:1
LH:1
BRF:0
BRH:0
end_of_record
TN:
SF:src\store\actions\actionTypes.js
FNF:0
FNH:0
DA:1,6
DA:5,6
DA:9,6
LF:3
LH:3
BRF:0
BRH:0
end_of_record
TN:
SF:src\store\actions\index.js
FN:3,(anonymous_0)
FN:7,(anonymous_1)
FN:11,(anonymous_2)
FNF:3
FNH:2
FNDA:3,(anonymous_0)
FNDA:2,(anonymous_1)
FNDA:0,(anonymous_2)
DA:3,3
DA:4,3
DA:7,3
DA:8,2
DA:11,3
DA:12,0
LF:6
LH:5
BRF:0
BRH:0
end_of_record
TN:
SF:src\store\reducers\gridFilterReducer.js
FN:7,(anonymous_0)
FNF:1
FNH:1
FNDA:23,(anonymous_0)
DA:3,6
DA:7,6
DA:8,23
DA:10,0
DA:12,23
LF:5
LH:4
BRDA:7,0,0,18
BRDA:8,1,0,0
BRDA:8,1,1,23
BRF:3
BRH:2
end_of_record
TN:
SF:src\store\reducers\headerReducer.js
FN:10,(anonymous_0)
FNF:1
FNH:1
FNDA:23,(anonymous_0)
DA:3,6
DA:10,6
DA:11,23
DA:13,3
DA:15,20
LF:5
LH:5
BRDA:10,0,0,18
BRDA:11,1,0,3
BRDA:11,1,1,20
BRF:3
BRH:3
end_of_record
TN:
SF:src\store\reducers\imagesDataReducer.js
FN:5,(anonymous_0)
FNF:1
FNH:1
FNDA:23,(anonymous_0)
DA:3,6
DA:5,6
DA:6,23
DA:8,2
DA:10,21
LF:5
LH:5
BRDA:5,0,0,18
BRDA:6,1,0,2
BRDA:6,1,1,21
BRF:3
BRH:3
end_of_record
TN:
SF:src\store\reducers\index.js
FNF:0
FNH:0
DA:12,6
LF:1
LH:1
BRF:0
BRH:0
end_of_record
TN:
SF:src\utils\config.js
FNF:0
FNH:0
DA:1,5
LF:1
LH:1
BRF:0
BRH:0
end_of_record
TN:
SF:src\utils\test-utils.jsx
FN:11,(anonymous_0)
FN:15,(anonymous_1)
FNF:2
FNH:2
FNDA:8,(anonymous_0)
FNDA:8,(anonymous_1)
DA:9,6
DA:11,6
DA:12,8
DA:15,6
DA:16,8
DA:18,6
LF:6
LH:6
BRF:0
BRH:0
end_of_record
